
-------------------------------------------------------
 T E S T S
-------------------------------------------------------
Running mobi.boilr.libdynticker.exchanges.BitBayExchangeTest
Tests run: 4, Failures: 0, Errors: 0, Skipped: 0, Time elapsed: 4.457 sec
Running mobi.boilr.libdynticker.exchanges.DSXExchangeTest
Tests run: 4, Failures: 0, Errors: 0, Skipped: 0, Time elapsed: 3.242 sec
Running mobi.boilr.libdynticker.exchanges.BullionVaultExchangeTest
Tests run: 4, Failures: 0, Errors: 0, Skipped: 0, Time elapsed: 3.23 sec
Running mobi.boilr.libdynticker.exchanges.CCEXExchangeTest
Tests run: 4, Failures: 0, Errors: 0, Skipped: 0, Time elapsed: 17.497 sec
Running mobi.boilr.libdynticker.exchanges.CoinsetterExchangeTest
Tests run: 4, Failures: 0, Errors: 0, Skipped: 0, Time elapsed: 1.281 sec
Running mobi.boilr.libdynticker.exchanges.ItBitExchangeTest
Tests run: 4, Failures: 0, Errors: 0, Skipped: 0, Time elapsed: 1.236 sec
Running mobi.boilr.libdynticker.exchanges.PoloniexExchangeTest
Tests run: 4, Failures: 0, Errors: 0, Skipped: 0, Time elapsed: 72.162 sec
Running mobi.boilr.libdynticker.exchanges.BitfinexExchangeTest
Tests run: 4, Failures: 0, Errors: 0, Skipped: 0, Time elapsed: 3.068 sec
Running mobi.boilr.libdynticker.exchanges.OKCoinExchangeTest
Tests run: 5, Failures: 0, Errors: 0, Skipped: 0, Time elapsed: 14.095 sec
Running mobi.boilr.libdynticker.exchanges.BTCEExchangeTest
Tests run: 4, Failures: 0, Errors: 0, Skipped: 0, Time elapsed: 10.326 sec
Running mobi.boilr.libdynticker.exchanges.VircurexExchangeTest
Tests run: 4, Failures: 0, Errors: 0, Skipped: 0, Time elapsed: 254.712 sec
Running mobi.boilr.libdynticker.exchanges.BTC38ExchangeTest
Tests run: 4, Failures: 0, Errors: 0, Skipped: 0, Time elapsed: 1.181 sec
Running mobi.boilr.libdynticker.exchanges.MulcoinExchangeTest
Tests run: 4, Failures: 0, Errors: 0, Skipped: 0, Time elapsed: 10.347 sec
Running mobi.boilr.libdynticker.exchanges.CryptonitExchangeTest
Tests run: 4, Failures: 0, Errors: 0, Skipped: 0, Time elapsed: 10.04 sec
Running mobi.boilr.libdynticker.exchanges.CoinsEExchangeTest
Tests run: 4, Failures: 0, Errors: 0, Skipped: 0, Time elapsed: 38.9 sec
Running mobi.boilr.libdynticker.exchanges.HuobiExchangeTest
Tests run: 4, Failures: 1, Errors: 0, Skipped: 0, Time elapsed: 3.867 sec <<< FAILURE!
testParseJson(mobi.boilr.libdynticker.exchanges.HuobiExchangeTest)  Time elapsed: 0.012 sec  <<< FAILURE!
java.lang.AssertionError
	at org.junit.Assert.fail(Assert.java:86)
	at org.junit.Assert.fail(Assert.java:95)
	at mobi.boilr.libdynticker.exchanges.HuobiExchangeTest.testParseJson(HuobiExchangeTest.java:58)
	at sun.reflect.NativeMethodAccessorImpl.invoke0(Native Method)
	at sun.reflect.NativeMethodAccessorImpl.invoke(NativeMethodAccessorImpl.java:57)
	at sun.reflect.DelegatingMethodAccessorImpl.invoke(DelegatingMethodAccessorImpl.java:43)
	at java.lang.reflect.Method.invoke(Method.java:606)
	at org.junit.runners.model.FrameworkMethod$1.runReflectiveCall(FrameworkMethod.java:50)
	at org.junit.internal.runners.model.ReflectiveCallable.run(ReflectiveCallable.java:12)
	at org.junit.runners.model.FrameworkMethod.invokeExplosively(FrameworkMethod.java:47)
	at org.junit.internal.runners.statements.InvokeMethod.evaluate(InvokeMethod.java:17)
	at org.junit.internal.runners.statements.RunBefores.evaluate(RunBefores.java:26)
	at org.junit.internal.runners.statements.RunAfters.evaluate(RunAfters.java:27)
	at org.junit.runners.ParentRunner.runLeaf(ParentRunner.java:325)
	at org.junit.runners.BlockJUnit4ClassRunner.runChild(BlockJUnit4ClassRunner.java:78)
	at org.junit.runners.BlockJUnit4ClassRunner.runChild(BlockJUnit4ClassRunner.java:57)
	at org.junit.runners.ParentRunner$3.run(ParentRunner.java:290)
	at org.junit.runners.ParentRunner$1.schedule(ParentRunner.java:71)
	at org.junit.runners.ParentRunner.runChildren(ParentRunner.java:288)
	at org.junit.runners.ParentRunner.access$000(ParentRunner.java:58)
	at org.junit.runners.ParentRunner$2.evaluate(ParentRunner.java:268)
	at org.junit.runners.ParentRunner.run(ParentRunner.java:363)
	at org.apache.maven.surefire.junit4.JUnit4Provider.execute(JUnit4Provider.java:252)
	at org.apache.maven.surefire.junit4.JUnit4Provider.executeTestSet(JUnit4Provider.java:141)
	at org.apache.maven.surefire.junit4.JUnit4Provider.invoke(JUnit4Provider.java:112)
	at sun.reflect.NativeMethodAccessorImpl.invoke0(Native Method)
	at sun.reflect.NativeMethodAccessorImpl.invoke(NativeMethodAccessorImpl.java:57)
	at sun.reflect.DelegatingMethodAccessorImpl.invoke(DelegatingMethodAccessorImpl.java:43)
	at java.lang.reflect.Method.invoke(Method.java:606)
	at org.apache.maven.surefire.util.ReflectionUtils.invokeMethodWithArray(ReflectionUtils.java:189)
	at org.apache.maven.surefire.booter.ProviderFactory$ProviderProxy.invoke(ProviderFactory.java:165)
	at org.apache.maven.surefire.booter.ProviderFactory.invokeProvider(ProviderFactory.java:85)
	at org.apache.maven.surefire.booter.ForkedBooter.runSuitesInProcess(ForkedBooter.java:115)
	at org.apache.maven.surefire.booter.ForkedBooter.main(ForkedBooter.java:75)

Running mobi.boilr.libdynticker.exchanges.CryptsyExchangeTest
Tests run: 4, Failures: 0, Errors: 0, Skipped: 0, Time elapsed: 837.815 sec
Running mobi.boilr.libdynticker.exchanges.CEXIOExchangeTest
Tests run: 4, Failures: 0, Errors: 0, Skipped: 0, Time elapsed: 7.312 sec
Running mobi.boilr.libdynticker.exchanges.BitsoExchangeTest
Tests run: 4, Failures: 0, Errors: 0, Skipped: 0, Time elapsed: 30.877 sec
Running mobi.boilr.libdynticker.exchanges.BitcurexExchangeTest
Tests run: 4, Failures: 1, Errors: 0, Skipped: 0, Time elapsed: 1.168 sec <<< FAILURE!
testGetLastValueWithPairsFromGetPairs(mobi.boilr.libdynticker.exchanges.BitcurexExchangeTest)  Time elapsed: 0.709 sec  <<< FAILURE!
java.lang.AssertionError
	at org.junit.Assert.fail(Assert.java:86)
	at org.junit.Assert.fail(Assert.java:95)
	at mobi.boilr.libdynticker.core.ExchangeTest.handleException(ExchangeTest.java:32)
	at mobi.boilr.libdynticker.core.ExchangeTest.testGetLastValueWithPairsFromGetPairs(ExchangeTest.java:54)
	at sun.reflect.GeneratedMethodAccessor2.invoke(Unknown Source)
	at sun.reflect.DelegatingMethodAccessorImpl.invoke(DelegatingMethodAccessorImpl.java:43)
	at java.lang.reflect.Method.invoke(Method.java:606)
	at org.junit.runners.model.FrameworkMethod$1.runReflectiveCall(FrameworkMethod.java:50)
	at org.junit.internal.runners.model.ReflectiveCallable.run(ReflectiveCallable.java:12)
	at org.junit.runners.model.FrameworkMethod.invokeExplosively(FrameworkMethod.java:47)
	at org.junit.internal.runners.statements.InvokeMethod.evaluate(InvokeMethod.java:17)
	at org.junit.internal.runners.statements.RunBefores.evaluate(RunBefores.java:26)
	at org.junit.internal.runners.statements.RunAfters.evaluate(RunAfters.java:27)
	at org.junit.runners.ParentRunner.runLeaf(ParentRunner.java:325)
	at org.junit.runners.BlockJUnit4ClassRunner.runChild(BlockJUnit4ClassRunner.java:78)
	at org.junit.runners.BlockJUnit4ClassRunner.runChild(BlockJUnit4ClassRunner.java:57)
	at org.junit.runners.ParentRunner$3.run(ParentRunner.java:290)
	at org.junit.runners.ParentRunner$1.schedule(ParentRunner.java:71)
	at org.junit.runners.ParentRunner.runChildren(ParentRunner.java:288)
	at org.junit.runners.ParentRunner.access$000(ParentRunner.java:58)
	at org.junit.runners.ParentRunner$2.evaluate(ParentRunner.java:268)
	at org.junit.runners.ParentRunner.run(ParentRunner.java:363)
	at org.apache.maven.surefire.junit4.JUnit4Provider.execute(JUnit4Provider.java:252)
	at org.apache.maven.surefire.junit4.JUnit4Provider.executeTestSet(JUnit4Provider.java:141)
	at org.apache.maven.surefire.junit4.JUnit4Provider.invoke(JUnit4Provider.java:112)
	at sun.reflect.NativeMethodAccessorImpl.invoke0(Native Method)
	at sun.reflect.NativeMethodAccessorImpl.invoke(NativeMethodAccessorImpl.java:57)
	at sun.reflect.DelegatingMethodAccessorImpl.invoke(DelegatingMethodAccessorImpl.java:43)
	at java.lang.reflect.Method.invoke(Method.java:606)
	at org.apache.maven.surefire.util.ReflectionUtils.invokeMethodWithArray(ReflectionUtils.java:189)
	at org.apache.maven.surefire.booter.ProviderFactory$ProviderProxy.invoke(ProviderFactory.java:165)
	at org.apache.maven.surefire.booter.ProviderFactory.invokeProvider(ProviderFactory.java:85)
	at org.apache.maven.surefire.booter.ForkedBooter.runSuitesInProcess(ForkedBooter.java:115)
	at org.apache.maven.surefire.booter.ForkedBooter.main(ForkedBooter.java:75)

Running mobi.boilr.libdynticker.exchanges.AllcoinExchangeTest
Tests run: 4, Failures: 0, Errors: 0, Skipped: 0, Time elapsed: 19.949 sec
Running mobi.boilr.libdynticker.exchanges.ChbtcExchangeTest
Tests run: 4, Failures: 0, Errors: 0, Skipped: 0, Time elapsed: 16.364 sec
Running mobi.boilr.libdynticker.exchanges.BitMarketPlExchangeTest
Tests run: 4, Failures: 0, Errors: 0, Skipped: 0, Time elapsed: 1.619 sec
Running mobi.boilr.libdynticker.exchanges.KrakenExchangeTest
Tests run: 4, Failures: 0, Errors: 0, Skipped: 0, Time elapsed: 8.172 sec
Running mobi.boilr.libdynticker.exchanges.YunbiExchangeTest
Tests run: 4, Failures: 0, Errors: 0, Skipped: 0, Time elapsed: 12.144 sec
Running mobi.boilr.libdynticker.exchanges.ANXExchangeTest
Tests run: 4, Failures: 0, Errors: 0, Skipped: 0, Time elapsed: 15.037 sec
Running mobi.boilr.libdynticker.exchanges.OneWorldCoinExchangeTest
Tests run: 4, Failures: 0, Errors: 0, Skipped: 0, Time elapsed: 6.58 sec
Running mobi.boilr.libdynticker.exchanges.VirWoxExchangeTest
Tests run: 4, Failures: 0, Errors: 0, Skipped: 0, Time elapsed: 7.831 sec
Running mobi.boilr.libdynticker.exchanges.BTC100ExchangeTest
Tests run: 4, Failures: 0, Errors: 0, Skipped: 0, Time elapsed: 10.531 sec
Running mobi.boilr.libdynticker.exchanges.CavirtexExchangeTest
Tests run: 4, Failures: 0, Errors: 0, Skipped: 0, Time elapsed: 5.549 sec
Running mobi.boilr.libdynticker.exchanges.TheRockTradingExchangeTest
Tests run: 4, Failures: 0, Errors: 0, Skipped: 0, Time elapsed: 1.767 sec
Running mobi.boilr.libdynticker.exchanges.BanxExchangeTest
Tests run: 4, Failures: 0, Errors: 0, Skipped: 0, Time elapsed: 5.013 sec
Running mobi.boilr.libdynticker.exchanges.LakeBTCExchangeTest
Tests run: 4, Failures: 1, Errors: 0, Skipped: 0, Time elapsed: 0.441 sec <<< FAILURE!
testGetLastValueWithPairsFromGetPairs(mobi.boilr.libdynticker.exchanges.LakeBTCExchangeTest)  Time elapsed: 0.44 sec  <<< FAILURE!
java.lang.AssertionError
	at org.junit.Assert.fail(Assert.java:86)
	at org.junit.Assert.fail(Assert.java:95)
	at mobi.boilr.libdynticker.core.ExchangeTest.handleException(ExchangeTest.java:32)
	at mobi.boilr.libdynticker.core.ExchangeTest.testGetLastValueWithPairsFromGetPairs(ExchangeTest.java:54)
	at sun.reflect.GeneratedMethodAccessor2.invoke(Unknown Source)
	at sun.reflect.DelegatingMethodAccessorImpl.invoke(DelegatingMethodAccessorImpl.java:43)
	at java.lang.reflect.Method.invoke(Method.java:606)
	at org.junit.runners.model.FrameworkMethod$1.runReflectiveCall(FrameworkMethod.java:50)
	at org.junit.internal.runners.model.ReflectiveCallable.run(ReflectiveCallable.java:12)
	at org.junit.runners.model.FrameworkMethod.invokeExplosively(FrameworkMethod.java:47)
	at org.junit.internal.runners.statements.InvokeMethod.evaluate(InvokeMethod.java:17)
	at org.junit.internal.runners.statements.RunBefores.evaluate(RunBefores.java:26)
	at org.junit.internal.runners.statements.RunAfters.evaluate(RunAfters.java:27)
	at org.junit.runners.ParentRunner.runLeaf(ParentRunner.java:325)
	at org.junit.runners.BlockJUnit4ClassRunner.runChild(BlockJUnit4ClassRunner.java:78)
	at org.junit.runners.BlockJUnit4ClassRunner.runChild(BlockJUnit4ClassRunner.java:57)
	at org.junit.runners.ParentRunner$3.run(ParentRunner.java:290)
	at org.junit.runners.ParentRunner$1.schedule(ParentRunner.java:71)
	at org.junit.runners.ParentRunner.runChildren(ParentRunner.java:288)
	at org.junit.runners.ParentRunner.access$000(ParentRunner.java:58)
	at org.junit.runners.ParentRunner$2.evaluate(ParentRunner.java:268)
	at org.junit.runners.ParentRunner.run(ParentRunner.java:363)
	at org.apache.maven.surefire.junit4.JUnit4Provider.execute(JUnit4Provider.java:252)
	at org.apache.maven.surefire.junit4.JUnit4Provider.executeTestSet(JUnit4Provider.java:141)
	at org.apache.maven.surefire.junit4.JUnit4Provider.invoke(JUnit4Provider.java:112)
	at sun.reflect.NativeMethodAccessorImpl.invoke0(Native Method)
	at sun.reflect.NativeMethodAccessorImpl.invoke(NativeMethodAccessorImpl.java:57)
	at sun.reflect.DelegatingMethodAccessorImpl.invoke(DelegatingMethodAccessorImpl.java:43)
	at java.lang.reflect.Method.invoke(Method.java:606)
	at org.apache.maven.surefire.util.ReflectionUtils.invokeMethodWithArray(ReflectionUtils.java:189)
	at org.apache.maven.surefire.booter.ProviderFactory$ProviderProxy.invoke(ProviderFactory.java:165)
	at org.apache.maven.surefire.booter.ProviderFactory.invokeProvider(ProviderFactory.java:85)
	at org.apache.maven.surefire.booter.ForkedBooter.runSuitesInProcess(ForkedBooter.java:115)
	at org.apache.maven.surefire.booter.ForkedBooter.main(ForkedBooter.java:75)

Running mobi.boilr.libdynticker.exchanges.CoinswapExchangeTest
Tests run: 4, Failures: 0, Errors: 0, Skipped: 0, Time elapsed: 2.911 sec
Running mobi.boilr.libdynticker.exchanges.BtcTradeExchangeTest
Tests run: 4, Failures: 0, Errors: 0, Skipped: 0, Time elapsed: 8.243 sec
Running mobi.boilr.libdynticker.exchanges.BTCMarketsExchangeTest
Tests run: 4, Failures: 0, Errors: 0, Skipped: 0, Time elapsed: 4.816 sec
Running mobi.boilr.libdynticker.exchanges.NXTAssetExchangeTest
Tests run: 4, Failures: 0, Errors: 0, Skipped: 0, Time elapsed: 90.797 sec
Running mobi.boilr.libdynticker.exchanges.QuandricaCXExchangeTest
Tests run: 4, Failures: 0, Errors: 0, Skipped: 0, Time elapsed: 1.283 sec
Running mobi.boilr.libdynticker.exchanges.BTCChinaExchangeTest
Tests run: 4, Failures: 0, Errors: 0, Skipped: 0, Time elapsed: 3.89 sec
Running mobi.boilr.libdynticker.exchanges.BleuTradeExchangeTest
Tests run: 4, Failures: 0, Errors: 0, Skipped: 0, Time elapsed: 37.882 sec
Running mobi.boilr.libdynticker.exchanges.YuanbaohuiExchangeTest
Tests run: 4, Failures: 0, Errors: 0, Skipped: 0, Time elapsed: 29.791 sec
Running mobi.boilr.libdynticker.exchanges.CoinMateExchangeTest
Tests run: 4, Failures: 0, Errors: 0, Skipped: 0, Time elapsed: 0.894 sec
Running mobi.boilr.libdynticker.exchanges.LocalBitcoinsExchangeTest
Tests run: 4, Failures: 0, Errors: 0, Skipped: 0, Time elapsed: 9.404 sec
Running mobi.boilr.libdynticker.exchanges.MeloticExchangeTest
Tests run: 4, Failures: 0, Errors: 0, Skipped: 0, Time elapsed: 8.182 sec
Running mobi.boilr.libdynticker.exchanges.HitBTCExchangeTest
Tests run: 4, Failures: 0, Errors: 0, Skipped: 0, Time elapsed: 1.663 sec
Running mobi.boilr.libdynticker.exchanges.BittrexExchangeTest
Tests run: 4, Failures: 0, Errors: 0, Skipped: 0, Time elapsed: 47.28 sec
Running mobi.boilr.libdynticker.exchanges.BTERExchangeTest
Tests run: 4, Failures: 0, Errors: 0, Skipped: 0, Time elapsed: 98.183 sec
Running mobi.boilr.libdynticker.exchanges.E796ExchangeTest
Tests run: 4, Failures: 0, Errors: 0, Skipped: 0, Time elapsed: 5.796 sec
Running mobi.boilr.libdynticker.exchanges.BitstampExchangeTest
Tests run: 4, Failures: 0, Errors: 0, Skipped: 0, Time elapsed: 0.906 sec
Running mobi.boilr.libdynticker.exchanges.PaymiumExchangeTest
Tests run: 4, Failures: 0, Errors: 0, Skipped: 0, Time elapsed: 0.676 sec
Running mobi.boilr.libdynticker.exchanges.BitcoindeExchangeTest
Tests run: 4, Failures: 1, Errors: 0, Skipped: 0, Time elapsed: 3.344 sec <<< FAILURE!
testGetLastValueWithPairsFromGetPairs(mobi.boilr.libdynticker.exchanges.BitcoindeExchangeTest)  Time elapsed: 0.25 sec  <<< FAILURE!
java.lang.AssertionError
	at org.junit.Assert.fail(Assert.java:86)
	at org.junit.Assert.fail(Assert.java:95)
	at mobi.boilr.libdynticker.core.ExchangeTest.handleException(ExchangeTest.java:32)
	at mobi.boilr.libdynticker.core.ExchangeTest.testGetLastValueWithPairsFromGetPairs(ExchangeTest.java:54)
	at sun.reflect.GeneratedMethodAccessor2.invoke(Unknown Source)
	at sun.reflect.DelegatingMethodAccessorImpl.invoke(DelegatingMethodAccessorImpl.java:43)
	at java.lang.reflect.Method.invoke(Method.java:606)
	at org.junit.runners.model.FrameworkMethod$1.runReflectiveCall(FrameworkMethod.java:50)
	at org.junit.internal.runners.model.ReflectiveCallable.run(ReflectiveCallable.java:12)
	at org.junit.runners.model.FrameworkMethod.invokeExplosively(FrameworkMethod.java:47)
	at org.junit.internal.runners.statements.InvokeMethod.evaluate(InvokeMethod.java:17)
	at org.junit.internal.runners.statements.RunBefores.evaluate(RunBefores.java:26)
	at org.junit.internal.runners.statements.RunAfters.evaluate(RunAfters.java:27)
	at org.junit.runners.ParentRunner.runLeaf(ParentRunner.java:325)
	at org.junit.runners.BlockJUnit4ClassRunner.runChild(BlockJUnit4ClassRunner.java:78)
	at org.junit.runners.BlockJUnit4ClassRunner.runChild(BlockJUnit4ClassRunner.java:57)
	at org.junit.runners.ParentRunner$3.run(ParentRunner.java:290)
	at org.junit.runners.ParentRunner$1.schedule(ParentRunner.java:71)
	at org.junit.runners.ParentRunner.runChildren(ParentRunner.java:288)
	at org.junit.runners.ParentRunner.access$000(ParentRunner.java:58)
	at org.junit.runners.ParentRunner$2.evaluate(ParentRunner.java:268)
	at org.junit.runners.ParentRunner.run(ParentRunner.java:363)
	at org.apache.maven.surefire.junit4.JUnit4Provider.execute(JUnit4Provider.java:252)
	at org.apache.maven.surefire.junit4.JUnit4Provider.executeTestSet(JUnit4Provider.java:141)
	at org.apache.maven.surefire.junit4.JUnit4Provider.invoke(JUnit4Provider.java:112)
	at sun.reflect.NativeMethodAccessorImpl.invoke0(Native Method)
	at sun.reflect.NativeMethodAccessorImpl.invoke(NativeMethodAccessorImpl.java:57)
	at sun.reflect.DelegatingMethodAccessorImpl.invoke(DelegatingMethodAccessorImpl.java:43)
	at java.lang.reflect.Method.invoke(Method.java:606)
	at org.apache.maven.surefire.util.ReflectionUtils.invokeMethodWithArray(ReflectionUtils.java:189)
	at org.apache.maven.surefire.booter.ProviderFactory$ProviderProxy.invoke(ProviderFactory.java:165)
	at org.apache.maven.surefire.booter.ProviderFactory.invokeProvider(ProviderFactory.java:85)
	at org.apache.maven.surefire.booter.ForkedBooter.runSuitesInProcess(ForkedBooter.java:115)
	at org.apache.maven.surefire.booter.ForkedBooter.main(ForkedBooter.java:75)

Running mobi.boilr.libdynticker.exchanges.CCEDKExchangeTest
Tests run: 4, Failures: 0, Errors: 0, Skipped: 0, Time elapsed: 45.647 sec
Running mobi.boilr.libdynticker.exchanges.TBEExchangeTest
Tests run: 4, Failures: 0, Errors: 0, Skipped: 0, Time elapsed: 8.494 sec
Running mobi.boilr.libdynticker.exchanges.CoinbaseExchangeTest
Tests run: 4, Failures: 0, Errors: 0, Skipped: 0, Time elapsed: 1.959 sec
Running mobi.boilr.libdynticker.exchanges.CryptoFacilitiesExchangeTest
Tests run: 4, Failures: 0, Errors: 0, Skipped: 0, Time elapsed: 1.291 sec
Running mobi.boilr.libdynticker.exchanges.CampBXExchangeTest
Tests run: 4, Failures: 0, Errors: 0, Skipped: 0, Time elapsed: 0.762 sec
Running mobi.boilr.libdynticker.exchanges.BitsparkExchangeTest
Tests run: 4, Failures: 0, Errors: 0, Skipped: 0, Time elapsed: 26.364 sec
Running mobi.boilr.libdynticker.core.GetPairsFromAPITest
Tests run: 2, Failures: 0, Errors: 2, Skipped: 0, Time elapsed: 0.87 sec <<< FAILURE!
testSecondGetPairsFromAPIDoesActive(mobi.boilr.libdynticker.core.GetPairsFromAPITest)  Time elapsed: 0.241 sec  <<< ERROR!
java.lang.IllegalAccessError: tried to access class org.mockito.internal.creation.cglib.CGLIBHacker from class org.mockito.internal.creation.MethodInterceptorFilter
	at org.mockito.internal.creation.MethodInterceptorFilter.<init>(MethodInterceptorFilter.java:34)
	at org.powermock.api.mockito.internal.mockcreation.PowerMockMethodInterceptorFilter.<init>(PowerMockMethodInterceptorFilter.java:18)
	at org.powermock.api.mockito.internal.mockcreation.MockCreator.createMethodInvocationControl(MockCreator.java:108)
	at org.powermock.api.mockito.internal.mockcreation.MockCreator.mock(MockCreator.java:57)
	at org.powermock.api.mockito.PowerMockito.spy(PowerMockito.java:220)
	at mobi.boilr.libdynticker.core.GetPairsFromAPITest.setUp(GetPairsFromAPITest.java:29)
	at sun.reflect.NativeMethodAccessorImpl.invoke0(Native Method)
	at sun.reflect.NativeMethodAccessorImpl.invoke(NativeMethodAccessorImpl.java:57)
	at sun.reflect.DelegatingMethodAccessorImpl.invoke(DelegatingMethodAccessorImpl.java:43)
	at java.lang.reflect.Method.invoke(Method.java:606)
	at org.junit.internal.runners.MethodRoadie.runBefores(MethodRoadie.java:133)
	at org.junit.internal.runners.MethodRoadie.runBeforesThenTestThenAfters(MethodRoadie.java:96)
	at org.powermock.modules.junit4.internal.impl.PowerMockJUnit44RunnerDelegateImpl$PowerMockJUnit44MethodRunner.executeTest(PowerMockJUnit44RunnerDelegateImpl.java:294)
	at org.powermock.modules.junit4.internal.impl.PowerMockJUnit47RunnerDelegateImpl$PowerMockJUnit47MethodRunner.executeTestInSuper(PowerMockJUnit47RunnerDelegateImpl.java:127)
	at org.powermock.modules.junit4.internal.impl.PowerMockJUnit47RunnerDelegateImpl$PowerMockJUnit47MethodRunner.executeTest(PowerMockJUnit47RunnerDelegateImpl.java:82)
	at org.powermock.modules.junit4.internal.impl.PowerMockJUnit44RunnerDelegateImpl$PowerMockJUnit44MethodRunner.runBeforesThenTestThenAfters(PowerMockJUnit44RunnerDelegateImpl.java:282)
	at org.junit.internal.runners.MethodRoadie.runTest(MethodRoadie.java:87)
	at org.junit.internal.runners.MethodRoadie.run(MethodRoadie.java:50)
	at org.powermock.modules.junit4.internal.impl.PowerMockJUnit44RunnerDelegateImpl.invokeTestMethod(PowerMockJUnit44RunnerDelegateImpl.java:207)
	at org.powermock.modules.junit4.internal.impl.PowerMockJUnit44RunnerDelegateImpl.runMethods(PowerMockJUnit44RunnerDelegateImpl.java:146)
	at org.powermock.modules.junit4.internal.impl.PowerMockJUnit44RunnerDelegateImpl$1.run(PowerMockJUnit44RunnerDelegateImpl.java:120)
	at org.junit.internal.runners.ClassRoadie.runUnprotected(ClassRoadie.java:34)
	at org.junit.internal.runners.ClassRoadie.runProtected(ClassRoadie.java:44)
	at org.powermock.modules.junit4.internal.impl.PowerMockJUnit44RunnerDelegateImpl.run(PowerMockJUnit44RunnerDelegateImpl.java:122)
	at org.powermock.modules.junit4.common.internal.impl.JUnit4TestSuiteChunkerImpl.run(JUnit4TestSuiteChunkerImpl.java:106)
	at org.powermock.modules.junit4.common.internal.impl.AbstractCommonPowerMockRunner.run(AbstractCommonPowerMockRunner.java:53)
	at org.powermock.modules.junit4.PowerMockRunner.run(PowerMockRunner.java:59)
	at org.apache.maven.surefire.junit4.JUnit4Provider.execute(JUnit4Provider.java:252)
	at org.apache.maven.surefire.junit4.JUnit4Provider.executeTestSet(JUnit4Provider.java:141)
	at org.apache.maven.surefire.junit4.JUnit4Provider.invoke(JUnit4Provider.java:112)
	at sun.reflect.NativeMethodAccessorImpl.invoke0(Native Method)
	at sun.reflect.NativeMethodAccessorImpl.invoke(NativeMethodAccessorImpl.java:57)
	at sun.reflect.DelegatingMethodAccessorImpl.invoke(DelegatingMethodAccessorImpl.java:43)
	at java.lang.reflect.Method.invoke(Method.java:606)
	at org.apache.maven.surefire.util.ReflectionUtils.invokeMethodWithArray(ReflectionUtils.java:189)
	at org.apache.maven.surefire.booter.ProviderFactory$ProviderProxy.invoke(ProviderFactory.java:165)
	at org.apache.maven.surefire.booter.ProviderFactory.invokeProvider(ProviderFactory.java:85)
	at org.apache.maven.surefire.booter.ForkedBooter.runSuitesInProcess(ForkedBooter.java:115)
	at org.apache.maven.surefire.booter.ForkedBooter.main(ForkedBooter.java:75)

testSecondGetPairsFromAPIDoesntActive(mobi.boilr.libdynticker.core.GetPairsFromAPITest)  Time elapsed: 0.002 sec  <<< ERROR!
java.lang.IllegalAccessError: org/mockito/internal/creation/cglib/CGLIBHacker
	at org.mockito.internal.creation.MethodInterceptorFilter.<init>(MethodInterceptorFilter.java:34)
	at org.powermock.api.mockito.internal.mockcreation.PowerMockMethodInterceptorFilter.<init>(PowerMockMethodInterceptorFilter.java:18)
	at org.powermock.api.mockito.internal.mockcreation.MockCreator.createMethodInvocationControl(MockCreator.java:108)
	at org.powermock.api.mockito.internal.mockcreation.MockCreator.mock(MockCreator.java:57)
	at org.powermock.api.mockito.PowerMockito.spy(PowerMockito.java:220)
	at mobi.boilr.libdynticker.core.GetPairsFromAPITest.setUp(GetPairsFromAPITest.java:29)
	at sun.reflect.NativeMethodAccessorImpl.invoke0(Native Method)
	at sun.reflect.NativeMethodAccessorImpl.invoke(NativeMethodAccessorImpl.java:57)
	at sun.reflect.DelegatingMethodAccessorImpl.invoke(DelegatingMethodAccessorImpl.java:43)
	at java.lang.reflect.Method.invoke(Method.java:606)
	at org.junit.internal.runners.MethodRoadie.runBefores(MethodRoadie.java:133)
	at org.junit.internal.runners.MethodRoadie.runBeforesThenTestThenAfters(MethodRoadie.java:96)
	at org.powermock.modules.junit4.internal.impl.PowerMockJUnit44RunnerDelegateImpl$PowerMockJUnit44MethodRunner.executeTest(PowerMockJUnit44RunnerDelegateImpl.java:294)
	at org.powermock.modules.junit4.internal.impl.PowerMockJUnit47RunnerDelegateImpl$PowerMockJUnit47MethodRunner.executeTestInSuper(PowerMockJUnit47RunnerDelegateImpl.java:127)
	at org.powermock.modules.junit4.internal.impl.PowerMockJUnit47RunnerDelegateImpl$PowerMockJUnit47MethodRunner.executeTest(PowerMockJUnit47RunnerDelegateImpl.java:82)
	at org.powermock.modules.junit4.internal.impl.PowerMockJUnit44RunnerDelegateImpl$PowerMockJUnit44MethodRunner.runBeforesThenTestThenAfters(PowerMockJUnit44RunnerDelegateImpl.java:282)
	at org.junit.internal.runners.MethodRoadie.runTest(MethodRoadie.java:87)
	at org.junit.internal.runners.MethodRoadie.run(MethodRoadie.java:50)
	at org.powermock.modules.junit4.internal.impl.PowerMockJUnit44RunnerDelegateImpl.invokeTestMethod(PowerMockJUnit44RunnerDelegateImpl.java:207)
	at org.powermock.modules.junit4.internal.impl.PowerMockJUnit44RunnerDelegateImpl.runMethods(PowerMockJUnit44RunnerDelegateImpl.java:146)
	at org.powermock.modules.junit4.internal.impl.PowerMockJUnit44RunnerDelegateImpl$1.run(PowerMockJUnit44RunnerDelegateImpl.java:120)
	at org.junit.internal.runners.ClassRoadie.runUnprotected(ClassRoadie.java:34)
	at org.junit.internal.runners.ClassRoadie.runProtected(ClassRoadie.java:44)
	at org.powermock.modules.junit4.internal.impl.PowerMockJUnit44RunnerDelegateImpl.run(PowerMockJUnit44RunnerDelegateImpl.java:122)
	at org.powermock.modules.junit4.common.internal.impl.JUnit4TestSuiteChunkerImpl.run(JUnit4TestSuiteChunkerImpl.java:106)
	at org.powermock.modules.junit4.common.internal.impl.AbstractCommonPowerMockRunner.run(AbstractCommonPowerMockRunner.java:53)
	at org.powermock.modules.junit4.PowerMockRunner.run(PowerMockRunner.java:59)
	at org.apache.maven.surefire.junit4.JUnit4Provider.execute(JUnit4Provider.java:252)
	at org.apache.maven.surefire.junit4.JUnit4Provider.executeTestSet(JUnit4Provider.java:141)
	at org.apache.maven.surefire.junit4.JUnit4Provider.invoke(JUnit4Provider.java:112)
	at sun.reflect.NativeMethodAccessorImpl.invoke0(Native Method)
	at sun.reflect.NativeMethodAccessorImpl.invoke(NativeMethodAccessorImpl.java:57)
	at sun.reflect.DelegatingMethodAccessorImpl.invoke(DelegatingMethodAccessorImpl.java:43)
	at java.lang.reflect.Method.invoke(Method.java:606)
	at org.apache.maven.surefire.util.ReflectionUtils.invokeMethodWithArray(ReflectionUtils.java:189)
	at org.apache.maven.surefire.booter.ProviderFactory$ProviderProxy.invoke(ProviderFactory.java:165)
	at org.apache.maven.surefire.booter.ProviderFactory.invokeProvider(ProviderFactory.java:85)
	at org.apache.maven.surefire.booter.ForkedBooter.runSuitesInProcess(ForkedBooter.java:115)
	at org.apache.maven.surefire.booter.ForkedBooter.main(ForkedBooter.java:75)

Running mobi.boilr.libdynticker.core.ExchangeTest
Tests run: 1, Failures: 0, Errors: 0, Skipped: 1, Time elapsed: 0 sec

Results :

Failed tests:   testParseJson(mobi.boilr.libdynticker.exchanges.HuobiExchangeTest)
  testGetLastValueWithPairsFromGetPairs(mobi.boilr.libdynticker.exchanges.BitcurexExchangeTest)
  testGetLastValueWithPairsFromGetPairs(mobi.boilr.libdynticker.exchanges.LakeBTCExchangeTest)
  testGetLastValueWithPairsFromGetPairs(mobi.boilr.libdynticker.exchanges.BitcoindeExchangeTest)

Tests in error: 
  testSecondGetPairsFromAPIDoesActive(mobi.boilr.libdynticker.core.GetPairsFromAPITest): tried to access class org.mockito.internal.creation.cglib.CGLIBHacker from class org.mockito.internal.creation.MethodInterceptorFilter
  testSecondGetPairsFromAPIDoesntActive(mobi.boilr.libdynticker.core.GetPairsFromAPITest): org/mockito/internal/creation/cglib/CGLIBHacker

Tests run: 232, Failures: 4, Errors: 2, Skipped: 1

[ERROR] Failed to execute goal org.apache.maven.plugins:maven-surefire-plugin:2.12.4:test (default-test) on project libdynticker: There are test failures.
[ERROR] 
[ERROR] Please refer to /home/andre/boilr/libdynticker/target/surefire-reports for the individual test results.
[ERROR] -> [Help 1]
[ERROR] 
[ERROR] To see the full stack trace of the errors, re-run Maven with the -e switch.
[ERROR] Re-run Maven using the -X switch to enable full debug logging.
[ERROR] 
[ERROR] For more information about the errors and possible solutions, please read the following articles:
[ERROR] [Help 1] http://cwiki.apache.org/confluence/display/MAVEN/MojoFailureException
